<?xml version="1.0" encoding="UTF-8"?>
<!-- Generated by org.testng.reporters.JUnitReportReporter -->
<testsuite skipped="0" hostname="DESKTOP-NO7H964" name="Test.AddTocart" tests="1" failures="0" timestamp="04 Mar 2020 03:19:05 GMT" time="41.776" errors="0">
  <testcase name="TestAdd" time="41.776" classname="Test.AddTocart"/>
</testsuite> <!-- Test.AddTocart -->
